1524834309745	geckodriver	INFO	geckodriver 0.20.1
1524834309876	geckodriver	INFO	Listening on 127.0.0.1:50979
1524834312787	mozrunner::runner	INFO	Running command: "C:\\Program Files\\Mozilla Firefox\\firefox.exe" "-marionette" "-profile" "C:\\Users\\ox112\\AppData\\Local\\Temp\\rust_mozprofile.yf6uA6sqISCn"
Unable to read VR Path Registry from C:\Users\ox112\AppData\Local\openvr\openvrpaths.vrpath
1524834314316	Marionette	INFO	Enabled via --marionette
Unable to read VR Path Registry from C:\Users\ox112\AppData\Local\openvr\openvrpaths.vrpath
Unable to read VR Path Registry from C:\Users\ox112\AppData\Local\openvr\openvrpaths.vrpath
Unable to read VR Path Registry from C:\Users\ox112\AppData\Local\openvr\openvrpaths.vrpath
Unable to read VR Path Registry from C:\Users\ox112\AppData\Local\openvr\openvrpaths.vrpath
1524834317934	Marionette	INFO	Listening on port 50987
1524834318178	Marionette	WARN	TLS certificate errors will be ignored for this session
[Parent 7308, Gecko_IOThread] WARNING: pipe error: 109: file z:/build/build/src/ipc/chromium/src/chrome/common/ipc_channel_win.cc, line 346
[Parent 7308, Gecko_IOThread] WARNING: pipe error: 109: file z:/build/build/src/ipc/chromium/src/chrome/common/ipc_channel_win.cc, line 346
[Child 8444, Chrome_ChildThread] WARNING: pipe error: 109: file z:/build/build/src/ipc/chromium/src/chrome/common/ipc_channel_win.cc, line 346
[Child 8444, C[Parent 7308, Gecko_IOThread] WARNING: pipe error: 109: file z:/build/build/src/ipc/chromium/src/chrome/common/ipc_channel_win.cc, line 346
[Child 1596, Chrome_ChildThread] WARNING: pipe error: 109: file z:/build/build/src/ipc/chromium/src/chrome/common/ipc_channel_win.cc, line 346
[Child 1596,*** UTM:SVC TimerManager:registerTimer called after profile-before-change notification. Ignoring timer registration for id: telemetry_modules_ping

###!!! [Child][MessageChannel::SendAndWait] Error: Channel error: cannot send/recv


KLIB_SelfTest return : KLR_OK
1524834788630	geckodriver	INFO	geckodriver 0.20.1
1524834788822	geckodriver	INFO	Listening on 127.0.0.1:51080
1524834791640	mozrunner::runner	INFO	Running command: "C:\\Program Files\\Mozilla Firefox\\firefox.exe" "-marionette" "-profile" "C:\\Users\\ox112\\AppData\\Local\\Temp\\rust_mozprofile.9RB09yc3ZBM6"
Unable to read VR Path Registry from C:\Users\ox112\AppData\Local\openvr\openvrpaths.vrpath
1524834793398	Marionette	INFO	Enabled via --marionette
Unable to read VR Path Registry from C:\Users\ox112\AppData\Local\openvr\openvrpaths.vrpath
Unable to read VR Path Registry from C:\Users\ox112\AppData\Local\openvr\openvrpaths.vrpath
Unable to read VR Path Registry from C:\Users\ox112\AppData\Local\openvr\openvrpaths.vrpath
Unable to read VR Path Registry from C:\Users\ox112\AppData\Local\openvr\openvrpaths.vrpath
1524834797872	Marionette	INFO	Listening on port 51089
1524834798050	Marionette	WARN	TLS certificate errors will be ignored for this session
[Parent 13208, Gecko_IOThread] WARNING: pipe error: 109: file z:/build/build/src/ipc/chromium/src/chrome/common/ipc_channel_win.cc, line 346
[Child 2064, Chrome_ChildThread] WARNING: pipe error: 109: file z:/build/build/src/ipc/chromium/src/chrome/common/ipc_channel_win.cc, line 346
[Child*** UTM:SVC TimerManager:registerTimer called after profile-before-change notification. Ignoring timer registration for id: telemetry_modules_ping
[GPU 11984, 
###!!! [Child][MessageChannel::SendAndWait] Error: Channel error: cannot send/recv


KLIB_SelfTest return : KLR_OK
1524837430362	geckodriver	INFO	geckodriver 0.20.1
1524837430554	geckodriver	INFO	Listening on 127.0.0.1:51411
1524837433466	mozrunner::runner	INFO	Running command: "C:\\Program Files\\Mozilla Firefox\\firefox.exe" "-marionette" "-profile" "C:\\Users\\ox112\\AppData\\Local\\Temp\\rust_mozprofile.N9zMtzAfnZPX"
Unable to read VR Path Registry from C:\Users\ox112\AppData\Local\openvr\openvrpaths.vrpath
1524837434772	Marionette	INFO	Enabled via --marionette
Unable to read VR Path Registry from C:\Users\ox112\AppData\Local\openvr\openvrpaths.vrpath
Unable to read VR Path Registry from C:\Users\ox112\AppData\Local\openvr\openvrpaths.vrpath
Unable to read VR Path Registry from C:\Users\ox112\AppData\Local\openvr\openvrpaths.vrpath
Unable to read VR Path Registry from C:\Users\ox112\AppData\Local\openvr\openvrpaths.vrpath
1524837437580	Marionette	INFO	Listening on port 51419
1524837437672	Marionette	WARN	TLS certificate errors will be ignored for this session
[Child 8216, Chrome_ChildThread] WARNING: pipe error: 109: file z:/build/build/src/ipc/chromium/src/chrome/common/ipc_channel_win.cc, line 346
[Child 8[Parent 8096, Gecko_IOThread] WARNING: pipe error: 109: file z:/build/build/src/ipc/chromium/src/chrome/common/ipc_channel_win.cc, line 346
[Child 14628, Chrome_ChildThread] WARNING: pipe error: 109: file z:/build/build/src/ipc/chromium/src/chrome/common/ipc_channel_win.cc, line 346
[Child *** UTM:SVC TimerManager:registerTimer called after profile-before-change notification. Ignoring timer registration for id: telemetry_modules_ping

###!!! [Child][MessageChannel::SendAndWait] Error: Channel error: cannot send/recv


KLIB_SelfTest return : KLR_OK
1524837518057	geckodriver	INFO	geckodriver 0.20.1
1524837518210	geckodriver	INFO	Listening on 127.0.0.1:51453
1524837521116	mozrunner::runner	INFO	Running command: "C:\\Program Files\\Mozilla Firefox\\firefox.exe" "-marionette" "-profile" "C:\\Users\\ox112\\AppData\\Local\\Temp\\rust_mozprofile.UOdPpHyf4CTB"
Unable to read VR Path Registry from C:\Users\ox112\AppData\Local\openvr\openvrpaths.vrpath
1524837522316	Marionette	INFO	Enabled via --marionette
Unable to read VR Path Registry from C:\Users\ox112\AppData\Local\openvr\openvrpaths.vrpath
Unable to read VR Path Registry from C:\Users\ox112\AppData\Local\openvr\openvrpaths.vrpath
Unable to read VR Path Registry from C:\Users\ox112\AppData\Local\openvr\openvrpaths.vrpath
Unable to read VR Path Registry from C:\Users\ox112\AppData\Local\openvr\openvrpaths.vrpath
1524837525314	Marionette	INFO	Listening on port 51461
1524837526376	Marionette	WARN	TLS certificate errors will be ignored for this session
[Child 7656, Chrome_ChildThread] WARNING: pipe error: 109: file z:/build/build/src/ipc/chromium/src/c[hPraormenet/ c2o5mmo8n/i4p,c _Gchecaknone_IOlT_wihn.rcead] c, WAliRNnIeN 3G4:6 
pipe error: 109: file z:/build/build/src/ipc/chromium/src/chrome/common/ipc_channel_win.cc, line 346
[Child 13016, Chrome_ChildThread] WARNING: pipe error: 109: file z:/build/build/src/ipc/chromium/src/chrome/common/ipc_channel_win.cc, line 346
[*** UTM:SVC TimerManager:registerTimer called after profile-before-change notification. Ignoring timer registration for id: telemetry_modules_ping

###!!! [Child][MessageChannel::SendAndWait] Error: Channel error: cannot send/recv


KLIB_SelfTest return : KLR_OK
